[0m19:04:30.977886 [debug] [MainThread]: Sending event: {'category': 'dbt', 'action': 'invocation', 'label': 'start', 'context': [<snowplow_tracker.self_describing_json.SelfDescribingJson object at 0x7fbe57bfab60>, <snowplow_tracker.self_describing_json.SelfDescribingJson object at 0x7fbe56706860>, <snowplow_tracker.self_describing_json.SelfDescribingJson object at 0x7fbe567067d0>]}


============================== 19:04:30.980753 | 8686a496-d604-4b4f-8f50-15d9631a6363 ==============================
[0m19:04:30.980753 [info ] [MainThread]: Running with dbt=1.5.3
[0m19:04:30.981756 [debug] [MainThread]: running dbt with arguments {'printer_width': '80', 'indirect_selection': 'eager', 'log_cache_events': 'False', 'write_json': 'True', 'partial_parse': 'True', 'cache_selected_only': 'False', 'profiles_dir': '/home/lucas/.dbt', 'fail_fast': 'False', 'debug': 'False', 'log_path': 'logs', 'version_check': 'True', 'warn_error': 'None', 'use_colors': 'True', 'use_experimental_parser': 'False', 'no_print': 'None', 'quiet': 'False', 'warn_error_options': 'WarnErrorOptions(include=[], exclude=[])', 'introspect': 'True', 'static_parser': 'True', 'log_format': 'default', 'target_path': 'None', 'send_anonymous_usage_stats': 'True'}
[0m19:04:30.982513 [warn ] [MainThread]: [ConfigFolderDirectory]: Unable to parse dict {'dir': PosixPath('/home/lucas/.dbt')}
[0m19:04:30.983345 [info ] [MainThread]: Creating dbt configuration folder at 
[0m19:04:30.985393 [debug] [MainThread]: Starter project path: /home/lucas/Documentos/projetos/bootcamp-how/desafio-fim/env/lib/python3.10/site-packages/dbt/include/starter_project
[0m19:06:04.650886 [info ] [MainThread]: Profile dwspacex written to /home/lucas/.dbt/profiles.yml using target's sample configuration. Once updated, you'll be able to start developing with dbt.
[0m19:06:04.651635 [info ] [MainThread]: 
Your new dbt project "dwspacex" was created!

For more information on how to configure the profiles.yml file,
please consult the dbt documentation here:

  https://docs.getdbt.com/docs/configure-your-profile

One more thing:

Need help? Don't hesitate to reach out to us via GitHub issues or on Slack:

  https://community.getdbt.com/

Happy modeling!

[0m19:06:04.653184 [debug] [MainThread]: Command `dbt init` succeeded at 19:06:04.652968 after 93.68 seconds
[0m19:06:04.653772 [debug] [MainThread]: Sending event: {'category': 'dbt', 'action': 'invocation', 'label': 'end', 'context': [<snowplow_tracker.self_describing_json.SelfDescribingJson object at 0x7fbe57bfab60>, <snowplow_tracker.self_describing_json.SelfDescribingJson object at 0x7fbe576d47c0>, <snowplow_tracker.self_describing_json.SelfDescribingJson object at 0x7fbe567068c0>]}
[0m19:06:04.654326 [debug] [MainThread]: Flushing usage events
[0m19:25:46.613263 [debug] [MainThread]: Sending event: {'category': 'dbt', 'action': 'invocation', 'label': 'start', 'context': [<snowplow_tracker.self_describing_json.SelfDescribingJson object at 0x7f6ae75fab60>, <snowplow_tracker.self_describing_json.SelfDescribingJson object at 0x7f6ae610a470>, <snowplow_tracker.self_describing_json.SelfDescribingJson object at 0x7f6ae610a4a0>]}


============================== 19:25:46.616065 | f988f672-391a-4a76-930d-732e7802f75a ==============================
[0m19:25:46.616065 [info ] [MainThread]: Running with dbt=1.5.3
[0m19:25:46.616855 [debug] [MainThread]: running dbt with arguments {'printer_width': '80', 'indirect_selection': 'eager', 'write_json': 'True', 'log_cache_events': 'False', 'partial_parse': 'True', 'cache_selected_only': 'False', 'warn_error': 'None', 'fail_fast': 'False', 'debug': 'False', 'log_path': 'logs', 'version_check': 'True', 'profiles_dir': '/home/lucas/Documentos/projetos/bootcamp-how/desafio-fim', 'use_colors': 'True', 'use_experimental_parser': 'False', 'no_print': 'None', 'quiet': 'False', 'log_format': 'default', 'static_parser': 'True', 'warn_error_options': 'WarnErrorOptions(include=[], exclude=[])', 'introspect': 'True', 'target_path': 'None', 'send_anonymous_usage_stats': 'True'}
[0m19:25:46.617781 [info ] [MainThread]: dbt version: 1.5.3
[0m19:25:46.618521 [info ] [MainThread]: python version: 3.10.6
[0m19:25:46.619596 [info ] [MainThread]: python path: /home/lucas/Documentos/projetos/bootcamp-how/desafio-fim/env/bin/python3
[0m19:25:46.620812 [info ] [MainThread]: os info: Linux-5.19.0-46-generic-x86_64-with-glibc2.35
[0m19:25:46.621748 [info ] [MainThread]: Using profiles.yml file at /home/lucas/Documentos/projetos/bootcamp-how/desafio-fim/profiles.yml
[0m19:25:46.622840 [info ] [MainThread]: Using dbt_project.yml file at /home/lucas/Documentos/projetos/bootcamp-how/desafio-fim/dbt_project.yml
[0m19:25:46.623858 [info ] [MainThread]: Configuration:
[0m19:25:46.626495 [info ] [MainThread]:   profiles.yml file [[32mOK found and valid[0m]
[0m19:25:46.627377 [info ] [MainThread]:   dbt_project.yml file [[31mERROR not found[0m]
[0m19:25:46.628299 [info ] [MainThread]: Required dependencies:
[0m19:25:46.629088 [debug] [MainThread]: Executing "git --help"
[0m19:25:46.632453 [debug] [MainThread]: STDOUT: "b"usage: git [--version] [--help] [-C <path>] [-c <name>=<value>]\n           [--exec-path[=<path>]] [--html-path] [--man-path] [--info-path]\n           [-p | --paginate | -P | --no-pager] [--no-replace-objects] [--bare]\n           [--git-dir=<path>] [--work-tree=<path>] [--namespace=<name>]\n           [--super-prefix=<path>] [--config-env=<name>=<envvar>]\n           <command> [<args>]\n\nThese are common Git commands used in various situations:\n\nstart a working area (see also: git help tutorial)\n   clone     Clone a repository into a new directory\n   init      Create an empty Git repository or reinitialize an existing one\n\nwork on the current change (see also: git help everyday)\n   add       Add file contents to the index\n   mv        Move or rename a file, a directory, or a symlink\n   restore   Restore working tree files\n   rm        Remove files from the working tree and from the index\n\nexamine the history and state (see also: git help revisions)\n   bisect    Use binary search to find the commit that introduced a bug\n   diff      Show changes between commits, commit and working tree, etc\n   grep      Print lines matching a pattern\n   log       Show commit logs\n   show      Show various types of objects\n   status    Show the working tree status\n\ngrow, mark and tweak your common history\n   branch    List, create, or delete branches\n   commit    Record changes to the repository\n   merge     Join two or more development histories together\n   rebase    Reapply commits on top of another base tip\n   reset     Reset current HEAD to the specified state\n   switch    Switch branches\n   tag       Create, list, delete or verify a tag object signed with GPG\n\ncollaborate (see also: git help workflows)\n   fetch     Download objects and refs from another repository\n   pull      Fetch from and integrate with another repository or a local branch\n   push      Update remote refs along with associated objects\n\n'git help -a' and 'git help -g' list available subcommands and some\nconcept guides. See 'git help <command>' or 'git help <concept>'\nto read about a specific subcommand or concept.\nSee 'git help git' for an overview of the system.\n""
[0m19:25:46.633636 [debug] [MainThread]: STDERR: "b''"
[0m19:25:46.634479 [info ] [MainThread]:  - git [[32mOK found[0m]

[0m19:25:46.635625 [info ] [MainThread]: [31m0 checks failed:[0m
[0m19:25:46.637435 [debug] [MainThread]: Command `dbt debug` failed at 19:25:46.637173 after 0.03 seconds
[0m19:25:46.638378 [debug] [MainThread]: Sending event: {'category': 'dbt', 'action': 'invocation', 'label': 'end', 'context': [<snowplow_tracker.self_describing_json.SelfDescribingJson object at 0x7f6ae75fab60>, <snowplow_tracker.self_describing_json.SelfDescribingJson object at 0x7f6ae610a6b0>, <snowplow_tracker.self_describing_json.SelfDescribingJson object at 0x7f6ae610beb0>]}
[0m19:25:46.639531 [debug] [MainThread]: Flushing usage events
